[2024-12-25 05:11:45] Checking path: D:/PhpWeb/public/public/book-file/675aaacd35ad1_Aplikasi Psikolog.pdf
[2024-12-25 05:11:45] Checking path: D:/PhpWeb/public/public/book-file/675aaacd35ad1_Aplikasi Psikolog.pdf
[2024-12-25 05:11:45] Checking path: D:/PhpWeb/public/ebooks/public/book-file/675aaacd35ad1_Aplikasi Psikolog.pdf
[2024-12-25 05:11:45] Checking path: D:/PhpWeb/public/ebooks/public/book-file/675aaacd35ad1_Aplikasi Psikolog.pdf
[2024-12-25 05:11:45] File not found in any of the potential paths for: public/book-file/675aaacd35ad1_Aplikasi Psikolog.pdf
[2024-12-25 05:11:49] Checking path: D:/PhpWeb/public/public/book-file/675aab178ff5d_visimisi amin.pdf
[2024-12-25 05:11:49] Checking path: D:/PhpWeb/public/public/book-file/675aab178ff5d_visimisi amin.pdf
[2024-12-25 05:11:49] Checking path: D:/PhpWeb/public/ebooks/public/book-file/675aab178ff5d_visimisi amin.pdf
[2024-12-25 05:11:49] Checking path: D:/PhpWeb/public/ebooks/public/book-file/675aab178ff5d_visimisi amin.pdf
[2024-12-25 05:11:49] File not found in any of the potential paths for: public/book-file/675aab178ff5d_visimisi amin.pdf
[2024-12-25 05:29:00] Checking path: D:/PhpWeb/public/public/book-file/675aaacd35ad1_Aplikasi Psikolog.pdf
[2024-12-25 05:29:00] Checking path: D:/PhpWeb/public/public/book-file/675aaacd35ad1_Aplikasi Psikolog.pdf
[2024-12-25 05:29:00] Checking path: D:/PhpWeb/public/ebooks/public/book-file/675aaacd35ad1_Aplikasi Psikolog.pdf
[2024-12-25 05:29:00] Checking path: D:/PhpWeb/public/ebooks/public/book-file/675aaacd35ad1_Aplikasi Psikolog.pdf
[2024-12-25 05:29:00] File not found in any of the potential paths for: public/book-file/675aaacd35ad1_Aplikasi Psikolog.pdf
[2025-01-20 08:30:02] Checking path: /home/bpkbautodigital/public_html/public/public/book-file/676926825343e_Aplikasi Psikolog.pdf
[2025-01-20 08:30:02] Checking path: /home/bpkbautodigital/public_html/public/public/book-file/676926825343e_Aplikasi Psikolog.pdf
[2025-01-20 08:30:02] Checking path: /home/bpkbautodigital/public_html/public/ebooks/public/book-file/676926825343e_Aplikasi Psikolog.pdf
[2025-01-20 08:30:02] Checking path: /home/bpkbautodigital/public_html/public/ebooks/public/book-file/676926825343e_Aplikasi Psikolog.pdf
[2025-01-20 08:30:02] File not found in any of the potential paths for: public/book-file/676926825343e_Aplikasi Psikolog.pdf
[2025-01-20 08:30:06] Checking path: /home/bpkbautodigital/public_html/public/../../../../public/book-file/677b35e356c4e_Invoice_Sampel.pdf
[2025-01-20 08:30:06] Checking path: /home/bpkbautodigital/public_html/public/../../../../public/book-file/677b35e356c4e_Invoice_Sampel.pdf
[2025-01-20 08:30:06] Checking path: /home/bpkbautodigital/public_html/public/ebooks/../../../../public/book-file/677b35e356c4e_Invoice_Sampel.pdf
[2025-01-20 08:30:06] Checking path: /home/bpkbautodigital/public_html/public/ebooks/../../../../public/book-file/677b35e356c4e_Invoice_Sampel.pdf
[2025-01-20 08:30:06] File not found in any of the potential paths for: ../../../../public/book-file/677b35e356c4e_Invoice_Sampel.pdf
[2025-01-21 09:33:25] Checking path: /home/bpkbautodigital/public_html/public/public/book-file/676926825343e_Aplikasi Psikolog.pdf
[2025-01-21 09:33:25] Checking path: /home/bpkbautodigital/public_html/public/public/book-file/676926825343e_Aplikasi Psikolog.pdf
[2025-01-21 09:33:25] Checking path: /home/bpkbautodigital/public_html/public/ebooks/public/book-file/676926825343e_Aplikasi Psikolog.pdf
[2025-01-21 09:33:25] Checking path: /home/bpkbautodigital/public_html/public/ebooks/public/book-file/676926825343e_Aplikasi Psikolog.pdf
[2025-01-21 09:33:25] File not found in any of the potential paths for: public/book-file/676926825343e_Aplikasi Psikolog.pdf
[2025-01-21 09:37:23] Checking path: /home/bpkbautodigital/public_html/public/public/book-file/676926825343e_Aplikasi Psikolog.pdf
[2025-01-21 09:37:23] Checking path: /home/bpkbautodigital/public_html/public/public/book-file/676926825343e_Aplikasi Psikolog.pdf
[2025-01-21 09:37:23] Checking path: /home/bpkbautodigital/public_html/public/ebooks/public/book-file/676926825343e_Aplikasi Psikolog.pdf
[2025-01-21 09:37:23] Checking path: /home/bpkbautodigital/public_html/public/ebooks/public/book-file/676926825343e_Aplikasi Psikolog.pdf
[2025-01-21 09:37:23] File not found in any of the potential paths for: public/book-file/676926825343e_Aplikasi Psikolog.pdf
[2025-01-21 09:37:30] Checking path: /home/bpkbautodigital/public_html/public/../../../../public/book-file/677b35e356c4e_Invoice_Sampel.pdf
[2025-01-21 09:37:30] Checking path: /home/bpkbautodigital/public_html/public/../../../../public/book-file/677b35e356c4e_Invoice_Sampel.pdf
[2025-01-21 09:37:30] Checking path: /home/bpkbautodigital/public_html/public/ebooks/../../../../public/book-file/677b35e356c4e_Invoice_Sampel.pdf
[2025-01-21 09:37:30] Checking path: /home/bpkbautodigital/public_html/public/ebooks/../../../../public/book-file/677b35e356c4e_Invoice_Sampel.pdf
[2025-01-21 09:37:30] File not found in any of the potential paths for: ../../../../public/book-file/677b35e356c4e_Invoice_Sampel.pdf
[2025-01-21 09:37:56] Checking path: /home/bpkbautodigital/public_html/public/public/book-file/676926825343e_Aplikasi Psikolog.pdf
[2025-01-21 09:37:56] Checking path: /home/bpkbautodigital/public_html/public/public/book-file/676926825343e_Aplikasi Psikolog.pdf
[2025-01-21 09:37:56] Checking path: /home/bpkbautodigital/public_html/public/ebooks/public/book-file/676926825343e_Aplikasi Psikolog.pdf
[2025-01-21 09:37:56] Checking path: /home/bpkbautodigital/public_html/public/ebooks/public/book-file/676926825343e_Aplikasi Psikolog.pdf
[2025-01-21 09:37:56] File not found in any of the potential paths for: public/book-file/676926825343e_Aplikasi Psikolog.pdf
[2025-01-21 09:37:58] Checking path: /home/bpkbautodigital/public_html/public/public/book-file/676926825343e_Aplikasi Psikolog.pdf
[2025-01-21 09:37:58] Checking path: /home/bpkbautodigital/public_html/public/public/book-file/676926825343e_Aplikasi Psikolog.pdf
[2025-01-21 09:37:58] Checking path: /home/bpkbautodigital/public_html/public/ebooks/public/book-file/676926825343e_Aplikasi Psikolog.pdf
[2025-01-21 09:37:58] Checking path: /home/bpkbautodigital/public_html/public/ebooks/public/book-file/676926825343e_Aplikasi Psikolog.pdf
[2025-01-21 09:37:58] File not found in any of the potential paths for: public/book-file/676926825343e_Aplikasi Psikolog.pdf
[2025-01-21 09:38:06] Checking path: /home/bpkbautodigital/public_html/public/public/book-file/676926825343e_Aplikasi Psikolog.pdf
[2025-01-21 09:38:06] Checking path: /home/bpkbautodigital/public_html/public/public/book-file/676926825343e_Aplikasi Psikolog.pdf
[2025-01-21 09:38:06] Checking path: /home/bpkbautodigital/public_html/public/ebooks/public/book-file/676926825343e_Aplikasi Psikolog.pdf
[2025-01-21 09:38:06] Checking path: /home/bpkbautodigital/public_html/public/ebooks/public/book-file/676926825343e_Aplikasi Psikolog.pdf
[2025-01-21 09:38:06] File not found in any of the potential paths for: public/book-file/676926825343e_Aplikasi Psikolog.pdf
[2025-01-21 09:39:28] Checking path: /home/bpkbautodigital/public_html/public/public/book-file/676926825343e_Aplikasi Psikolog.pdf
[2025-01-21 09:39:28] Checking path: /home/bpkbautodigital/public_html/public/public/book-file/676926825343e_Aplikasi Psikolog.pdf
[2025-01-21 09:39:28] Checking path: /home/bpkbautodigital/public_html/public/ebooks/public/book-file/676926825343e_Aplikasi Psikolog.pdf
[2025-01-21 09:39:28] Checking path: /home/bpkbautodigital/public_html/public/ebooks/public/book-file/676926825343e_Aplikasi Psikolog.pdf
[2025-01-21 09:39:28] File not found in any of the potential paths for: public/book-file/676926825343e_Aplikasi Psikolog.pdf
[2025-01-21 09:40:32] Checking path: /home/bpkbautodigital/public_html/public/public/book-file/676926825343e_Aplikasi Psikolog.pdf
[2025-01-21 09:40:32] Checking path: /home/bpkbautodigital/public_html/public/public/book-file/676926825343e_Aplikasi Psikolog.pdf
[2025-01-21 09:40:32] Checking path: /home/bpkbautodigital/public_html/public/ebooks/public/book-file/676926825343e_Aplikasi Psikolog.pdf
[2025-01-21 09:40:32] Checking path: /home/bpkbautodigital/public_html/public/ebooks/public/book-file/676926825343e_Aplikasi Psikolog.pdf
[2025-01-21 09:40:32] File not found in any of the potential paths for: public/book-file/676926825343e_Aplikasi Psikolog.pdf
[2025-01-21 09:42:05] Checking path: /home/bpkbautodigital/public_html/public/public/book-file/676926825343e_Aplikasi Psikolog.pdf
[2025-01-21 09:42:05] Checking path: /home/bpkbautodigital/public_html/public/public/book-file/676926825343e_Aplikasi Psikolog.pdf
[2025-01-21 09:42:05] Checking path: /home/bpkbautodigital/public_html/public/ebooks/public/book-file/676926825343e_Aplikasi Psikolog.pdf
[2025-01-21 09:42:05] Checking path: /home/bpkbautodigital/public_html/public/ebooks/public/book-file/676926825343e_Aplikasi Psikolog.pdf
[2025-01-21 09:42:05] File not found in any of the potential paths for: public/book-file/676926825343e_Aplikasi Psikolog.pdf
[2025-01-21 09:42:08] Checking path: /home/bpkbautodigital/public_html/public/public/book-file/676926825343e_Aplikasi Psikolog.pdf
[2025-01-21 09:42:08] Checking path: /home/bpkbautodigital/public_html/public/public/book-file/676926825343e_Aplikasi Psikolog.pdf
[2025-01-21 09:42:08] Checking path: /home/bpkbautodigital/public_html/public/ebooks/public/book-file/676926825343e_Aplikasi Psikolog.pdf
[2025-01-21 09:42:08] Checking path: /home/bpkbautodigital/public_html/public/ebooks/public/book-file/676926825343e_Aplikasi Psikolog.pdf
[2025-01-21 09:42:08] File not found in any of the potential paths for: public/book-file/676926825343e_Aplikasi Psikolog.pdf
[2025-01-21 09:43:42] File not found: /home/bpkbautodigital/public_html/public/book-file/public/book-file/676926825343e_Aplikasi Psikolog.pdf
[2025-01-21 09:45:03] ebook_file path: /public/book-file/676926825343e_Aplikasi Psikolog.pdf
[2025-01-21 09:45:03] Constructed file path: /home/bpkbautodigital/public_html/public/book-file/public/book-file/676926825343e_Aplikasi Psikolog.pdf
[2025-01-21 09:45:03] File not found: /home/bpkbautodigital/public_html/public/book-file/public/book-file/676926825343e_Aplikasi Psikolog.pdf
[2025-01-21 09:45:54] ebook_file path: ../../../../public/book-file/6789b9dc6dff8_mentormodal.php
[2025-01-21 09:45:54] Constructed file path: /home/bpkbautodigital/public_html/public/book-file/../../../../public/book-file/6789b9dc6dff8_mentormodal.php
[2025-01-21 09:45:54] File not found: /home/bpkbautodigital/public_html/public/book-file/../../../../public/book-file/6789b9dc6dff8_mentormodal.php
[2025-01-21 10:07:56] ebook_file path: /public/book-file/676926825343e_Aplikasi Psikolog.pdf
[2025-01-21 10:07:56] Constructed file path: /home/bpkbautodigital/public_html/public/book-file/public/book-file/676926825343e_Aplikasi Psikolog.pdf
[2025-01-21 10:07:56] File not found: /home/bpkbautodigital/public_html/public/book-file/public/book-file/676926825343e_Aplikasi Psikolog.pdf
[2025-01-21 10:21:53] ebook_file path: ../../../../public/book-file/678f129ead1bc_PROPOSAL TA .docx
[2025-01-21 10:21:53] Constructed file path: /home/bpkbautodigital/public_html/public/book-file/../../../../public/book-file/678f129ead1bc_PROPOSAL TA .docx
[2025-01-21 10:21:53] File not found: /home/bpkbautodigital/public_html/public/book-file/../../../../public/book-file/678f129ead1bc_PROPOSAL TA .docx
[2025-01-22 13:22:53] ebook_file path: ../../../../public/book-file/677b35e356c4e_Invoice_Sampel.pdf
[2025-01-22 13:22:53] Constructed file path: /home/bpkbautodigital/public_html/public/book-file/../../../../public/book-file/677b35e356c4e_Invoice_Sampel.pdf
[2025-01-22 13:22:53] File not found: /home/bpkbautodigital/public_html/public/book-file/../../../../public/book-file/677b35e356c4e_Invoice_Sampel.pdf
[2025-01-23 09:22:54] ebook_file path: /public/book-file/676926825343e_Aplikasi Psikolog.pdf
[2025-01-23 09:22:54] Constructed file path: /home/bpkbautodigital/public_html/public/book-file/public/book-file/676926825343e_Aplikasi Psikolog.pdf
[2025-01-23 09:22:54] File not found: /home/bpkbautodigital/public_html/public/book-file/public/book-file/676926825343e_Aplikasi Psikolog.pdf
[2025-01-23 09:23:05] ebook_file path: /public/book-file/676926825343e_Aplikasi Psikolog.pdf
[2025-01-23 09:23:05] Constructed file path: /home/bpkbautodigital/public_html/public/book-file/public/book-file/676926825343e_Aplikasi Psikolog.pdf
[2025-01-23 09:23:05] File not found: /home/bpkbautodigital/public_html/public/book-file/public/book-file/676926825343e_Aplikasi Psikolog.pdf
[2025-01-23 09:24:56] ebook_file path: ../../../../public/book-file/678f129ead1bc_PROPOSAL TA .docx
[2025-01-23 09:24:56] Constructed file path: /home/bpkbautodigital/public_html/public/book-file/../../../../public/book-file/678f129ead1bc_PROPOSAL TA .docx
[2025-01-23 09:24:56] File not found: /home/bpkbautodigital/public_html/public/book-file/../../../../public/book-file/678f129ead1bc_PROPOSAL TA .docx
[2025-01-23 09:28:46] Checking path: /home/bpkbautodigital/public_html/public/../../../../public/book-file/678f129ead1bc_PROPOSAL TA .docx
[2025-01-23 09:28:46] Checking path: /home/bpkbautodigital/public_html/public/../../../../public/book-file/678f129ead1bc_PROPOSAL TA .docx
[2025-01-23 09:28:46] Checking path: /home/bpkbautodigital/public_html/public/ebooks/../../../../public/book-file/678f129ead1bc_PROPOSAL TA .docx
[2025-01-23 09:28:46] Checking path: /home/bpkbautodigital/public_html/public/ebooks/../../../../public/book-file/678f129ead1bc_PROPOSAL TA .docx
[2025-01-23 09:28:46] File not found in any of the potential paths for: ../../../../public/book-file/678f129ead1bc_PROPOSAL TA .docx
[2025-01-23 09:28:53] Checking path: /home/bpkbautodigital/public_html/public/../../../../public/book-file/6789b9dc6dff8_mentormodal.php
[2025-01-23 09:28:53] Checking path: /home/bpkbautodigital/public_html/public/../../../../public/book-file/6789b9dc6dff8_mentormodal.php
[2025-01-23 09:28:53] Checking path: /home/bpkbautodigital/public_html/public/ebooks/../../../../public/book-file/6789b9dc6dff8_mentormodal.php
[2025-01-23 09:28:53] Checking path: /home/bpkbautodigital/public_html/public/ebooks/../../../../public/book-file/6789b9dc6dff8_mentormodal.php
[2025-01-23 09:28:53] File not found in any of the potential paths for: ../../../../public/book-file/6789b9dc6dff8_mentormodal.php
[2025-01-23 09:30:20] Checking path: /home/bpkbautodigital/public_html/public/../../../../public/book-file/6789b9dc6dff8_mentormodal.php
[2025-01-23 09:30:20] Checking path: /home/bpkbautodigital/public_html/public/../../../../public/book-file/6789b9dc6dff8_mentormodal.php
[2025-01-23 09:30:20] Checking path: /home/bpkbautodigital/public_html/public/ebooks/../../../../public/book-file/6789b9dc6dff8_mentormodal.php
[2025-01-23 09:30:20] Checking path: /home/bpkbautodigital/public_html/public/ebooks/../../../../public/book-file/6789b9dc6dff8_mentormodal.php
[2025-01-23 09:30:20] File not found in any of the potential paths for: ../../../../public/book-file/6789b9dc6dff8_mentormodal.php
[2025-01-23 09:30:47] Checking path: /home/bpkbautodigital/public_html/public/../../../../public/book-file/6789b9dc6dff8_mentormodal.php
[2025-01-23 09:30:47] Checking path: /home/bpkbautodigital/public_html/public/../../../../public/book-file/6789b9dc6dff8_mentormodal.php
[2025-01-23 09:30:47] Checking path: /home/bpkbautodigital/public_html/public/ebooks/../../../../public/book-file/6789b9dc6dff8_mentormodal.php
[2025-01-23 09:30:47] Checking path: /home/bpkbautodigital/public_html/public/ebooks/../../../../public/book-file/6789b9dc6dff8_mentormodal.php
[2025-01-23 09:30:47] File not found in any of the potential paths for: ../../../../public/book-file/6789b9dc6dff8_mentormodal.php
[2025-01-23 09:31:57] Checking path: /home/bpkbautodigital/public_html/public/../../../../public/book-file/6789b9dc6dff8_mentormodal.php
[2025-01-23 09:31:57] Checking path: /home/bpkbautodigital/public_html/public/../../../../public/book-file/6789b9dc6dff8_mentormodal.php
[2025-01-23 09:31:57] Checking path: /home/bpkbautodigital/public_html/public/ebooks/../../../../public/book-file/6789b9dc6dff8_mentormodal.php
[2025-01-23 09:31:57] Checking path: /home/bpkbautodigital/public_html/public/ebooks/../../../../public/book-file/6789b9dc6dff8_mentormodal.php
[2025-01-23 09:31:57] File not found in any of the potential paths for: ../../../../public/book-file/6789b9dc6dff8_mentormodal.php
[2025-01-23 09:32:39] Checking path: /home/bpkbautodigital/public_html/public/../../../../public/book-file/678f129ead1bc_PROPOSAL TA .docx
[2025-01-23 09:32:39] Checking path: /home/bpkbautodigital/public_html/public/../../../../public/book-file/678f129ead1bc_PROPOSAL TA .docx
[2025-01-23 09:32:39] Checking path: /home/bpkbautodigital/public_html/public/ebooks/../../../../public/book-file/678f129ead1bc_PROPOSAL TA .docx
[2025-01-23 09:32:39] Checking path: /home/bpkbautodigital/public_html/public/ebooks/../../../../public/book-file/678f129ead1bc_PROPOSAL TA .docx
[2025-01-23 09:32:39] File not found in any of the potential paths for: ../../../../public/book-file/678f129ead1bc_PROPOSAL TA .docx
[2025-01-23 09:36:21] Base path: /home/bpkbautodigital/public_html
[2025-01-23 09:36:21] Book file: ../../../../public/book-file/6789b9dc6dff8_mentormodal.php
[2025-01-23 09:36:21] Full file path: /home/bpkbautodigital/public_html/public/book-file/../../../../public/book-file/6789b9dc6dff8_mentormodal.php
[2025-01-23 09:36:21] File does not exist: /home/bpkbautodigital/public_html/public/book-file/../../../../public/book-file/6789b9dc6dff8_mentormodal.php
[2025-01-23 09:36:26] Base path: /home/bpkbautodigital/public_html
[2025-01-23 09:36:26] Book file: ../../../../public/book-file/678f129ead1bc_PROPOSAL TA .docx
[2025-01-23 09:36:26] Full file path: /home/bpkbautodigital/public_html/public/book-file/../../../../public/book-file/678f129ead1bc_PROPOSAL TA .docx
[2025-01-23 09:36:26] File does not exist: /home/bpkbautodigital/public_html/public/book-file/../../../../public/book-file/678f129ead1bc_PROPOSAL TA .docx
[2025-01-23 09:36:38] Base path: /home/bpkbautodigital/public_html
[2025-01-23 09:36:38] Book file: ../../../../public/book-file/678f129ead1bc_PROPOSAL TA .docx
[2025-01-23 09:36:38] Full file path: /home/bpkbautodigital/public_html/public/book-file/../../../../public/book-file/678f129ead1bc_PROPOSAL TA .docx
[2025-01-23 09:36:38] File does not exist: /home/bpkbautodigital/public_html/public/book-file/../../../../public/book-file/678f129ead1bc_PROPOSAL TA .docx
[2025-01-23 09:44:16] Invalid file type: text/plain
[2025-01-31 09:47:45] File not found: D:\sore\kelas-sore/public/book-file/676926825343e_Aplikasi Psikolog.pdf
